<?xml version="1.0" encoding="UTF-8"?>
<testsuite xmlns:xsi="http://www.w3.org/2001/XMLSchema-instance" xsi:schemaLocation="https://maven.apache.org/surefire/maven-surefire-plugin/xsd/surefire-test-report.xsd" name="com.corso.jenkins.AppTest" time="0.024" tests="5" errors="0" skipped="0" failures="0">
  <properties>
    <property name="java.runtime.name" value="Java(TM) SE Runtime Environment"/>
    <property name="java.vm.version" value="17.0.8+9-LTS-211"/>
    <property name="sun.boot.library.path" value="D:\Tools\Java\JDK\jdk-17.0.8\bin"/>
    <property name="user.country.format" value="IT"/>
    <property name="maven.multiModuleProjectDirectory" value="D:\Corsi\Aule\Opened\DTTL0382-Jenkins-Biper\Esercizi2\Projects\biper-java-example"/>
    <property name="java.vm.vendor" value="Oracle Corporation"/>
    <property name="java.vendor.url" value="https://java.oracle.com/"/>
    <property name="guice.disable.misplaced.annotation.check" value="true"/>
    <property name="path.separator" value=";"/>
    <property name="java.vm.name" value="Java HotSpot(TM) 64-Bit Server VM"/>
    <property name="sun.os.patch.level" value=""/>
    <property name="user.script" value=""/>
    <property name="user.country" value="GB"/>
    <property name="sun.java.launcher" value="SUN_STANDARD"/>
    <property name="java.vm.specification.name" value="Java Virtual Machine Specification"/>
    <property name="user.dir" value="D:\Corsi\Aule\Opened\DTTL0382-Jenkins-Biper\Esercizi2\Projects\biper-java-example"/>
    <property name="java.vm.compressedOopsMode" value="Zero based"/>
    <property name="java.runtime.version" value="17.0.8+9-LTS-211"/>
    <property name="os.arch" value="amd64"/>
    <property name="java.io.tmpdir" value="C:\Users\TONYDR~1\AppData\Local\Temp\"/>
    <property name="line.separator" value="&#10;"/>
    <property name="java.vm.specification.vendor" value="Oracle Corporation"/>
    <property name="user.variant" value=""/>
    <property name="os.name" value="Windows 11"/>
    <property name="classworlds.conf" value="D:\Tools\BuildAutomation\maven\3.9.5\bin\m2.conf"/>
    <property name="sun.jnu.encoding" value="Cp1252"/>
    <property name="java.library.path" value="D:\Tools\Java\JDK\jdk-17.0.8\bin;C:\Windows\Sun\Java\bin;C:\Windows\system32;C:\Windows;C:\Program Files\PowerShell\7;D:\Tools\Java\JDK\jdk-17.0.8\bin;C:\Python312;C:\Python312\Scripts;C:\Program Files (x86)\VMware\VMware Workstation\bin\;D:\Tools\SAP\DB;C:\Program Files\Microsoft SDKs\Azure\CLI2\wbin;C:\Windows\system32;C:\Windows;C:\Windows\System32\Wbem;C:\Windows\System32\WindowsPowerShell\v1.0\;C:\Windows\System32\OpenSSH\;C:\Program Files\Microsoft SQL Server\150\Tools\Binn\;C:\Program Files\Microsoft SQL Server\Client SDK\ODBC\170\Tools\Binn\;D:\Tools\BuildAutomation\ant\1.9.16\bin;D:\Tools\BuildAutomation\gradle\8.4\bin;D:\Tools\BuildAutomation\maven\3.9.5\bin;D:\Tools\Azure\Azure Data Studio\bin;C:\Program Files (x86)\Microsoft SQL Server\160\Tools\Binn\;C:\Program Files\Microsoft SQL Server\160\Tools\Binn\;C:\Program Files\Microsoft SQL Server\160\DTS\Binn\;C:\Program Files (x86)\Microsoft SQL Server\160\DTS\Binn\;C:\Program Files\Sql Server Extension\;C:\Program Files\PowerShell\7\;D:\Tools\Tortoise\svn\bin;C:\Program Files\AzureConnectedMachineAgent\;C:\Program Files\Docker\Docker\resources\bin;D:\tools\Git\cmd;D:\Tools\nodejs\;C:\Program Files\dotnet\;C:\Program Files (x86)\Windows Kits\10\Windows Performance Toolkit\;D:\Tools\Graphviz\bin;D:\Tools\Tortoise\Git\bin;C:\Program Files\WingetUI\choco-cli\bin;C:\Users\tonydraconis\AppData\Local\Microsoft\WindowsApps;d:\Tools\Microsoft VS Code\bin;D:\Tools\JetBrains\IntelliJ IDEA Community Edition 2023.2.4\bin;;D:\Tools\JetBrains\PyCharm Community Edition 2023.2.3\bin;;D:\Tools\Azure\Azure Data Studio\bin;C:\Users\tonydraconis\AppData\Local\GitHubDesktop\bin;C:\Users\tonydraconis\AppData\Roaming\npm;C:\Users\tonydraconis\.dotnet\tools;C:\Users\tonydraconis\AppData\Local\Coursier\data\bin;."/>
    <property name="maven.conf" value="D:\Tools\BuildAutomation\maven\3.9.5/conf"/>
    <property name="jdk.debug" value="release"/>
    <property name="java.class.version" value="61.0"/>
    <property name="java.specification.name" value="Java Platform API Specification"/>
    <property name="sun.management.compiler" value="HotSpot 64-Bit Tiered Compilers"/>
    <property name="os.version" value="10.0"/>
    <property name="library.jansi.path" value="D:\Tools\BuildAutomation\maven\3.9.5\lib\jansi-native"/>
    <property name="user.home" value="C:\Users\tonydraconis"/>
    <property name="user.timezone" value="Europe/Rome"/>
    <property name="file.encoding" value="Cp1252"/>
    <property name="java.specification.version" value="17"/>
    <property name="user.name" value="tonydraconis"/>
    <property name="java.class.path" value="D:\Tools\BuildAutomation\maven\3.9.5\boot\plexus-classworlds-2.7.0.jar"/>
    <property name="java.vm.specification.version" value="17"/>
    <property name="sun.arch.data.model" value="64"/>
    <property name="sun.java.command" value="org.codehaus.plexus.classworlds.launcher.Launcher clean install"/>
    <property name="java.home" value="D:\Tools\Java\JDK\jdk-17.0.8"/>
    <property name="user.language" value="en"/>
    <property name="java.specification.vendor" value="Oracle Corporation"/>
    <property name="user.language.format" value="it"/>
    <property name="java.vm.info" value="mixed mode, sharing"/>
    <property name="java.version" value="17.0.8"/>
    <property name="native.encoding" value="Cp1252"/>
    <property name="java.vendor" value="Oracle Corporation"/>
    <property name="sun.stderr.encoding" value="cp850"/>
    <property name="maven.home" value="D:\Tools\BuildAutomation\maven\3.9.5"/>
    <property name="file.separator" value="\"/>
    <property name="java.version.date" value="2023-07-18"/>
    <property name="java.vendor.url.bug" value="https://bugreport.java.com/bugreport/"/>
    <property name="sun.io.unicode.encoding" value="UnicodeLittle"/>
    <property name="sun.cpu.endian" value="little"/>
    <property name="sun.stdout.encoding" value="cp850"/>
    <property name="sun.cpu.isalist" value="amd64"/>
  </properties>
  <testcase name="Test per nr = 1" classname="com.corso.jenkins.AppTest" time="0.007"/>
  <testcase name="Test per nr = 5" classname="com.corso.jenkins.AppTest" time="0"/>
  <testcase name="Test per nr = 0" classname="com.corso.jenkins.AppTest" time="0.002"/>
  <testcase name="Test per nr = 3" classname="com.corso.jenkins.AppTest" time="0"/>
  <testcase name="Test per nr = 22" classname="com.corso.jenkins.AppTest" time="0"/>
</testsuite>